<?xml version="1.0" encoding="UTF-8"?>
<!-- Generated by org.testng.reporters.JUnitReportReporter -->
<testsuite hostname="DESKTOP-HC76K2O" failures="0" tests="1" name="suite.Test_01_logintoswaglab" time="7.189" errors="0" timestamp="04 Nov 2024 12:12:27 GMT" skipped="0">
  <testcase classname="suite.Test_01_logintoswaglab" name="loginscript" time="7.189"/>
</testsuite> <!-- suite.Test_01_logintoswaglab -->
